[1205/155907.320:ERROR:crash_report_database_win.cc(558)] GetFileAttributes C:\Users\SHASHI~1\AppData\Local\Temp\scoped_dir14472_24325\Crashpad: The system cannot find the file specified. (0x2)
[1207/202823.736:ERROR:crash_report_database_win.cc(558)] GetFileAttributes C:\Users\SHASHI~1\AppData\Local\Temp\scoped_dir9096_6732\Crashpad: The system cannot find the file specified. (0x2)
[1207/203547.627:ERROR:crash_report_database_win.cc(558)] GetFileAttributes C:\Users\SHASHI~1\AppData\Local\Temp\scoped_dir2120_23845\Crashpad: The system cannot find the file specified. (0x2)
[1207/205105.427:ERROR:crash_report_database_win.cc(558)] GetFileAttributes C:\Users\SHASHI~1\AppData\Local\Temp\scoped_dir3236_17680\Crashpad: The system cannot find the file specified. (0x2)
[1207/205505.072:ERROR:crash_report_database_win.cc(558)] GetFileAttributes C:\Users\SHASHI~1\AppData\Local\Temp\scoped_dir7876_1888\Crashpad: The system cannot find the file specified. (0x2)
[1207/205856.539:ERROR:crash_report_database_win.cc(558)] GetFileAttributes C:\Users\SHASHI~1\AppData\Local\Temp\scoped_dir15488_21874\Crashpad: The system cannot find the file specified. (0x2)
[1208/201622.226:ERROR:crash_report_database_win.cc(558)] GetFileAttributes C:\Users\SHASHI~1\AppData\Local\Temp\scoped_dir10728_29110\Crashpad: The system cannot find the file specified. (0x2)
[1208/202043.212:ERROR:crash_report_database_win.cc(558)] GetFileAttributes C:\Users\SHASHI~1\AppData\Local\Temp\scoped_dir10296_17017\Crashpad: The system cannot find the file specified. (0x2)
[1208/204259.757:ERROR:crash_report_database_win.cc(558)] GetFileAttributes C:\Users\SHASHI~1\AppData\Local\Temp\scoped_dir22136_22768\Crashpad: The system cannot find the file specified. (0x2)
[1208/204801.356:ERROR:crash_report_database_win.cc(558)] GetFileAttributes C:\Users\SHASHI~1\AppData\Local\Temp\scoped_dir22280_19239\Crashpad: The system cannot find the file specified. (0x2)
[1208/205005.743:ERROR:crash_report_database_win.cc(558)] GetFileAttributes C:\Users\SHASHI~1\AppData\Local\Temp\scoped_dir14516_27054\Crashpad: The system cannot find the file specified. (0x2)
[1208/211703.504:ERROR:crash_report_database_win.cc(558)] GetFileAttributes C:\Users\SHASHI~1\AppData\Local\Temp\scoped_dir4348_2022\Crashpad: The system cannot find the file specified. (0x2)
[1208/212212.224:ERROR:crash_report_database_win.cc(558)] GetFileAttributes C:\Users\SHASHI~1\AppData\Local\Temp\scoped_dir22720_2054\Crashpad: The system cannot find the file specified. (0x2)
[1208/213955.410:ERROR:crash_report_database_win.cc(558)] GetFileAttributes C:\Users\SHASHI~1\AppData\Local\Temp\scoped_dir18584_6782\Crashpad: The system cannot find the file specified. (0x2)
[1210/102130.903:ERROR:crash_report_database_win.cc(558)] GetFileAttributes C:\Users\SHASHI~1\AppData\Local\Temp\scoped_dir10816_17085\Crashpad: The system cannot find the file specified. (0x2)
[1210/120916.003:ERROR:crash_report_database_win.cc(558)] GetFileAttributes C:\Users\SHASHI~1\AppData\Local\Temp\scoped_dir15264_11162\Crashpad: The system cannot find the file specified. (0x2)
[1210/121051.879:ERROR:crash_report_database_win.cc(558)] GetFileAttributes C:\Users\SHASHI~1\AppData\Local\Temp\scoped_dir3400_15682\Crashpad: The system cannot find the file specified. (0x2)
[1211/215934.893:ERROR:crash_report_database_win.cc(558)] GetFileAttributes C:\Users\SHASHI~1\AppData\Local\Temp\scoped_dir4940_19887\Crashpad: The system cannot find the file specified. (0x2)
[1211/221454.605:ERROR:crash_report_database_win.cc(558)] GetFileAttributes C:\Users\SHASHI~1\AppData\Local\Temp\scoped_dir7584_7226\Crashpad: The system cannot find the file specified. (0x2)
[1211/222649.281:ERROR:crash_report_database_win.cc(558)] GetFileAttributes C:\Users\SHASHI~1\AppData\Local\Temp\scoped_dir6980_32261\Crashpad: The system cannot find the file specified. (0x2)
[1212/102323.730:ERROR:crash_report_database_win.cc(558)] GetFileAttributes C:\Users\SHASHI~1\AppData\Local\Temp\scoped_dir19096_11714\Crashpad: The system cannot find the file specified. (0x2)
[1212/103818.794:ERROR:crash_report_database_win.cc(558)] GetFileAttributes C:\Users\SHASHI~1\AppData\Local\Temp\scoped_dir1384_23631\Crashpad: The system cannot find the file specified. (0x2)
[1212/112124.547:ERROR:crash_report_database_win.cc(558)] GetFileAttributes C:\Users\SHASHI~1\AppData\Local\Temp\scoped_dir22072_15366\Crashpad: The system cannot find the file specified. (0x2)
[1213/110319.549:ERROR:crash_report_database_win.cc(558)] GetFileAttributes C:\Users\SHASHI~1\AppData\Local\Temp\scoped_dir20284_15445\Crashpad: The system cannot find the file specified. (0x2)
[1223/123558.156:ERROR:crash_report_database_win.cc(558)] GetFileAttributes C:\Users\SHASHI~1\AppData\Local\Temp\scoped_dir11764_27258\Crashpad: The system cannot find the file specified. (0x2)
[1224/110705.078:ERROR:crash_report_database_win.cc(558)] GetFileAttributes C:\Users\SHASHI~1\AppData\Local\Temp\scoped_dir20940_21385\Crashpad: The system cannot find the file specified. (0x2)
[1224/164656.852:ERROR:http_transport_win.cc(276)] WinHttpSendRequest: The operation completed successfully. (0x0)
[0114/150557.662:ERROR:crash_report_database_win.cc(558)] GetFileAttributes C:\Users\SHASHI~1\AppData\Local\Temp\scoped_dir10588_29337\Crashpad: The system cannot find the file specified. (0x2)
[0114/152340.375:ERROR:crash_report_database_win.cc(558)] GetFileAttributes C:\Users\SHASHI~1\AppData\Local\Temp\scoped_dir12988_27375\Crashpad: The system cannot find the file specified. (0x2)
[0114/153044.472:ERROR:crash_report_database_win.cc(558)] GetFileAttributes C:\Users\SHASHI~1\AppData\Local\Temp\scoped_dir256_11293\Crashpad: The system cannot find the file specified. (0x2)
[0114/153941.305:ERROR:crash_report_database_win.cc(558)] GetFileAttributes C:\Users\SHASHI~1\AppData\Local\Temp\scoped_dir20596_2689\Crashpad: The system cannot find the file specified. (0x2)
[0114/154247.834:ERROR:crash_report_database_win.cc(558)] GetFileAttributes C:\Users\SHASHI~1\AppData\Local\Temp\scoped_dir22616_13399\Crashpad: The system cannot find the file specified. (0x2)
[0114/154634.284:ERROR:crash_report_database_win.cc(558)] GetFileAttributes C:\Users\SHASHI~1\AppData\Local\Temp\scoped_dir17384_17459\Crashpad: The system cannot find the file specified. (0x2)
[0115/211712.943:ERROR:crash_report_database_win.cc(558)] GetFileAttributes C:\Users\SHASHI~1\AppData\Local\Temp\scoped_dir19672_14183\Crashpad: The system cannot find the file specified. (0x2)
[0115/221051.083:ERROR:crash_report_database_win.cc(558)] GetFileAttributes C:\Users\SHASHI~1\AppData\Local\Temp\scoped_dir10708_27408\Crashpad: The system cannot find the file specified. (0x2)
[0115/221624.874:ERROR:crash_report_database_win.cc(558)] GetFileAttributes C:\Users\SHASHI~1\AppData\Local\Temp\scoped_dir6112_26708\Crashpad: The system cannot find the file specified. (0x2)
[0116/113516.809:ERROR:crash_report_database_win.cc(558)] GetFileAttributes C:\Users\SHASHI~1\AppData\Local\Temp\scoped_dir7444_15773\Crashpad: The system cannot find the file specified. (0x2)
[0117/160812.721:ERROR:crash_report_database_win.cc(558)] GetFileAttributes C:\Users\NishantM\AppData\Local\Temp\scoped_dir15740_3250\Crashpad: The system cannot find the file specified. (0x2)
[0120/132446.138:ERROR:crash_report_database_win.cc(558)] GetFileAttributes C:\Users\NishantM\AppData\Local\Temp\scoped_dir12896_21900\Crashpad: The system cannot find the file specified. (0x2)
[0122/161236.691:ERROR:crash_report_database_win.cc(558)] GetFileAttributes C:\Users\SHASHI~1\AppData\Local\Temp\scoped_dir10964_7583\Crashpad: The system cannot find the file specified. (0x2)
[0123/124921.846:ERROR:crash_report_database_win.cc(558)] GetFileAttributes C:\Users\SHASHI~1\AppData\Local\Temp\scoped_dir17568_28777\Crashpad: The system cannot find the file specified. (0x2)
[0221/113830.772:ERROR:crash_report_database_win.cc(558)] GetFileAttributes C:\Users\SHASHI~1\AppData\Local\Temp\scoped_dir11916_29925\Crashpad: The system cannot find the file specified. (0x2)
[0221/114822.378:ERROR:crash_report_database_win.cc(558)] GetFileAttributes C:\Users\SHASHI~1\AppData\Local\Temp\scoped_dir19444_26665\Crashpad: The system cannot find the file specified. (0x2)
[0221/115356.299:ERROR:crash_report_database_win.cc(558)] GetFileAttributes C:\Users\SHASHI~1\AppData\Local\Temp\scoped_dir20856_5568\Crashpad: The system cannot find the file specified. (0x2)
[0225/164721.257:ERROR:crash_report_database_win.cc(558)] GetFileAttributes C:\Users\SHASHI~1\AppData\Local\Temp\scoped_dir19556_15018\Crashpad: The system cannot find the file specified. (0x2)
[0225/164827.796:ERROR:crash_report_database_win.cc(558)] GetFileAttributes C:\Users\SHASHI~1\AppData\Local\Temp\scoped_dir15944_25792\Crashpad: The system cannot find the file specified. (0x2)
[0225/164937.925:ERROR:crash_report_database_win.cc(558)] GetFileAttributes C:\Users\SHASHI~1\AppData\Local\Temp\scoped_dir20588_32755\Crashpad: The system cannot find the file specified. (0x2)
[0225/165814.166:ERROR:crash_report_database_win.cc(558)] GetFileAttributes C:\Users\SHASHI~1\AppData\Local\Temp\scoped_dir84_18382\Crashpad: The system cannot find the file specified. (0x2)
[0226/110503.858:ERROR:http_transport_win.cc(276)] WinHttpSendRequest: The operation completed successfully. (0x0)
[0513/105731.961:ERROR:file_io.cc(89)] ReadExactly: expected 40, observed 0
[0514/191733.791:ERROR:process_reader_win.cc(123)] NtOpenThread: {Access Denied} A process has requested access to an object, but has not been granted those access rights. (0xc0000022)
[1130/155417.737:ERROR:directory_reader_win.cc(43)] FindFirstFile: The system cannot find the path specified. (0x3)
